{"reason":"compiler-message","package_id":"path+file:///home/jo/dev/advent_of_code_2025/day5_cafeteria#0.1.0","manifest_path":"/home/jo/dev/advent_of_code_2025/day5_cafeteria/Cargo.toml","target":{"kind":["bin"],"crate_types":["bin"],"name":"day5_cafeteria","src_path":"/home/jo/dev/advent_of_code_2025/day5_cafeteria/src/main.rs","edition":"2024","doc":true,"doctest":false,"test":true},"message":{"rendered":"error[E0658]: use of unstable library feature `allocator_api`\n  --> src/main.rs:40:39\n   |\n40 |         let mut overlapping: Vec<u64, u64> = Vec::new();\n   |                                  -----^^^\n   |                                  |\n   |                                  help: consider wrapping the inner types in tuple: `(u64, u64)`\n   |\n   = note: see issue #32838 <https://github.com/rust-lang/rust/issues/32838> for more information\n\n","$message_type":"diagnostic","children":[{"children":[],"code":null,"level":"note","message":"see issue #32838 <https://github.com/rust-lang/rust/issues/32838> for more information","rendered":null,"spans":[]},{"children":[],"code":null,"level":"help","message":"consider wrapping the inner types in tuple","rendered":null,"spans":[{"byte_end":1264,"byte_start":1256,"column_end":42,"column_start":34,"expansion":null,"file_name":"src/main.rs","is_primary":true,"label":null,"line_end":40,"line_start":40,"suggested_replacement":"(u64, u64)","suggestion_applicability":"MaybeIncorrect","text":[{"highlight_end":42,"highlight_start":34,"text":"        let mut overlapping: Vec<u64, u64> = Vec::new();"}]}]}],"code":{"code":"E0658","explanation":"An unstable feature was used.\n\nErroneous code example:\n\n```compile_fail,E0658\nuse std::intrinsics; // error: use of unstable library feature `core_intrinsics`\n```\n\nIf you're using a stable or a beta version of rustc, you won't be able to use\nany unstable features. In order to do so, please switch to a nightly version of\nrustc (by using [rustup]).\n\nIf you're using a nightly version of rustc, just add the corresponding feature\nto be able to use it:\n\n```\n#![feature(core_intrinsics)]\n\nuse std::intrinsics; // ok!\n```\n\n[rustup]: https://rust-lang.github.io/rustup/concepts/channels.html\n"},"level":"error","message":"use of unstable library feature `allocator_api`","spans":[{"byte_end":1264,"byte_start":1261,"column_end":42,"column_start":39,"expansion":null,"file_name":"src/main.rs","is_primary":true,"label":null,"line_end":40,"line_start":40,"suggested_replacement":null,"suggestion_applicability":null,"text":[{"highlight_end":42,"highlight_start":39,"text":"        let mut overlapping: Vec<u64, u64> = Vec::new();"}]}]}}
{"reason":"compiler-message","package_id":"path+file:///home/jo/dev/advent_of_code_2025/day5_cafeteria#0.1.0","manifest_path":"/home/jo/dev/advent_of_code_2025/day5_cafeteria/Cargo.toml","target":{"kind":["bin"],"crate_types":["bin"],"name":"day5_cafeteria","src_path":"/home/jo/dev/advent_of_code_2025/day5_cafeteria/src/main.rs","edition":"2024","doc":true,"doctest":false,"test":true},"message":{"rendered":"error[E0658]: use of unstable library feature `allocator_api`\n  --> src/main.rs:40:39\n   |\n40 |         let mut overlapping: Vec<u64, u64> = Vec::new();\n   |                                  -----^^^\n   |                                  |\n   |                                  help: consider wrapping the inner types in tuple: `(u64, u64)`\n   |\n   = note: see issue #32838 <https://github.com/rust-lang/rust/issues/32838> for more information\n\n","$message_type":"diagnostic","children":[{"children":[],"code":null,"level":"note","message":"see issue #32838 <https://github.com/rust-lang/rust/issues/32838> for more information","rendered":null,"spans":[]},{"children":[],"code":null,"level":"help","message":"consider wrapping the inner types in tuple","rendered":null,"spans":[{"byte_end":1264,"byte_start":1256,"column_end":42,"column_start":34,"expansion":null,"file_name":"src/main.rs","is_primary":true,"label":null,"line_end":40,"line_start":40,"suggested_replacement":"(u64, u64)","suggestion_applicability":"MaybeIncorrect","text":[{"highlight_end":42,"highlight_start":34,"text":"        let mut overlapping: Vec<u64, u64> = Vec::new();"}]}]}],"code":{"code":"E0658","explanation":"An unstable feature was used.\n\nErroneous code example:\n\n```compile_fail,E0658\nuse std::intrinsics; // error: use of unstable library feature `core_intrinsics`\n```\n\nIf you're using a stable or a beta version of rustc, you won't be able to use\nany unstable features. In order to do so, please switch to a nightly version of\nrustc (by using [rustup]).\n\nIf you're using a nightly version of rustc, just add the corresponding feature\nto be able to use it:\n\n```\n#![feature(core_intrinsics)]\n\nuse std::intrinsics; // ok!\n```\n\n[rustup]: https://rust-lang.github.io/rustup/concepts/channels.html\n"},"level":"error","message":"use of unstable library feature `allocator_api`","spans":[{"byte_end":1264,"byte_start":1261,"column_end":42,"column_start":39,"expansion":null,"file_name":"src/main.rs","is_primary":true,"label":null,"line_end":40,"line_start":40,"suggested_replacement":null,"suggestion_applicability":null,"text":[{"highlight_end":42,"highlight_start":39,"text":"        let mut overlapping: Vec<u64, u64> = Vec::new();"}]}]}}
{"reason":"compiler-message","package_id":"path+file:///home/jo/dev/advent_of_code_2025/day5_cafeteria#0.1.0","manifest_path":"/home/jo/dev/advent_of_code_2025/day5_cafeteria/Cargo.toml","target":{"kind":["bin"],"crate_types":["bin"],"name":"day5_cafeteria","src_path":"/home/jo/dev/advent_of_code_2025/day5_cafeteria/src/main.rs","edition":"2024","doc":true,"doctest":false,"test":true},"message":{"rendered":"error[E0277]: the trait bound `u64: Allocator` is not satisfied\n   --> src/main.rs:40:30\n    |\n 40 |         let mut overlapping: Vec<u64, u64> = Vec::new();\n    |                              ^^^^^^^^^^^^^ the trait `Allocator` is not implemented for `u64`\n    |\n    = help: the following other types implement trait `Allocator`:\n              &A\n              System\n              std::alloc::Global\nnote: required by a bound in `Vec`\n   --> /home/jo/.rustup/toolchains/stable-x86_64-unknown-linux-gnu/lib/rustlib/src/rust/library/alloc/src/vec/mod.rs:434:78\n    |\n434 | pub struct Vec<T, #[unstable(feature = \"allocator_api\", issue = \"32838\")] A: Allocator = Global> {\n    |                                                                              ^^^^^^^^^ required by this bound in `Vec`\n\n","$message_type":"diagnostic","children":[{"children":[],"code":null,"level":"help","message":"the following other types implement trait `Allocator`:\n  &A\n  System\n  std::alloc::Global","rendered":null,"spans":[]},{"children":[],"code":null,"level":"note","message":"required by a bound in `Vec`","rendered":null,"spans":[{"byte_end":15672,"byte_start":15663,"column_end":87,"column_start":78,"expansion":null,"file_name":"/home/jo/.rustup/toolchains/stable-x86_64-unknown-linux-gnu/lib/rustlib/src/rust/library/alloc/src/vec/mod.rs","is_primary":true,"label":"required by this bound in `Vec`","line_end":434,"line_start":434,"suggested_replacement":null,"suggestion_applicability":null,"text":[{"highlight_end":87,"highlight_start":78,"text":"pub struct Vec<T, #[unstable(feature = \"allocator_api\", issue = \"32838\")] A: Allocator = Global> {"}]}]}],"code":{"code":"E0277","explanation":"You tried to use a type which doesn't implement some trait in a place which\nexpected that trait.\n\nErroneous code example:\n\n```compile_fail,E0277\n// here we declare the Foo trait with a bar method\ntrait Foo {\n    fn bar(&self);\n}\n\n// we now declare a function which takes an object implementing the Foo trait\nfn some_func<T: Foo>(foo: T) {\n    foo.bar();\n}\n\nfn main() {\n    // we now call the method with the i32 type, which doesn't implement\n    // the Foo trait\n    some_func(5i32); // error: the trait bound `i32 : Foo` is not satisfied\n}\n```\n\nIn order to fix this error, verify that the type you're using does implement\nthe trait. Example:\n\n```\ntrait Foo {\n    fn bar(&self);\n}\n\n// we implement the trait on the i32 type\nimpl Foo for i32 {\n    fn bar(&self) {}\n}\n\nfn some_func<T: Foo>(foo: T) {\n    foo.bar(); // we can now use this method since i32 implements the\n               // Foo trait\n}\n\nfn main() {\n    some_func(5i32); // ok!\n}\n```\n\nOr in a generic context, an erroneous code example would look like:\n\n```compile_fail,E0277\nfn some_func<T>(foo: T) {\n    println!(\"{:?}\", foo); // error: the trait `core::fmt::Debug` is not\n                           //        implemented for the type `T`\n}\n\nfn main() {\n    // We now call the method with the i32 type,\n    // which *does* implement the Debug trait.\n    some_func(5i32);\n}\n```\n\nNote that the error here is in the definition of the generic function. Although\nwe only call it with a parameter that does implement `Debug`, the compiler\nstill rejects the function. It must work with all possible input types. In\norder to make this example compile, we need to restrict the generic type we're\naccepting:\n\n```\nuse std::fmt;\n\n// Restrict the input type to types that implement Debug.\nfn some_func<T: fmt::Debug>(foo: T) {\n    println!(\"{:?}\", foo);\n}\n\nfn main() {\n    // Calling the method is still fine, as i32 implements Debug.\n    some_func(5i32);\n\n    // This would fail to compile now:\n    // struct WithoutDebug;\n    // some_func(WithoutDebug);\n}\n```\n\nRust only looks at the signature of the called function, as such it must\nalready specify all requirements that will be used for every type parameter.\n"},"level":"error","message":"the trait bound `u64: Allocator` is not satisfied","spans":[{"byte_end":1265,"byte_start":1252,"column_end":43,"column_start":30,"expansion":null,"file_name":"src/main.rs","is_primary":true,"label":"the trait `Allocator` is not implemented for `u64`","line_end":40,"line_start":40,"suggested_replacement":null,"suggestion_applicability":null,"text":[{"highlight_end":43,"highlight_start":30,"text":"        let mut overlapping: Vec<u64, u64> = Vec::new();"}]}]}}
{"reason":"compiler-message","package_id":"path+file:///home/jo/dev/advent_of_code_2025/day5_cafeteria#0.1.0","manifest_path":"/home/jo/dev/advent_of_code_2025/day5_cafeteria/Cargo.toml","target":{"kind":["bin"],"crate_types":["bin"],"name":"day5_cafeteria","src_path":"/home/jo/dev/advent_of_code_2025/day5_cafeteria/src/main.rs","edition":"2024","doc":true,"doctest":false,"test":true},"message":{"rendered":"error[E0277]: the trait bound `u64: Allocator` is not satisfied\n   --> src/main.rs:40:30\n    |\n 40 |         let mut overlapping: Vec<u64, u64> = Vec::new();\n    |                              ^^^^^^^^^^^^^ the trait `Allocator` is not implemented for `u64`\n    |\n    = help: the following other types implement trait `Allocator`:\n              &A\n              System\n              std::alloc::Global\nnote: required by a bound in `Vec`\n   --> /home/jo/.rustup/toolchains/stable-x86_64-unknown-linux-gnu/lib/rustlib/src/rust/library/alloc/src/vec/mod.rs:434:78\n    |\n434 | pub struct Vec<T, #[unstable(feature = \"allocator_api\", issue = \"32838\")] A: Allocator = Global> {\n    |                                                                              ^^^^^^^^^ required by this bound in `Vec`\n\n","$message_type":"diagnostic","children":[{"children":[],"code":null,"level":"help","message":"the following other types implement trait `Allocator`:\n  &A\n  System\n  std::alloc::Global","rendered":null,"spans":[]},{"children":[],"code":null,"level":"note","message":"required by a bound in `Vec`","rendered":null,"spans":[{"byte_end":15672,"byte_start":15663,"column_end":87,"column_start":78,"expansion":null,"file_name":"/home/jo/.rustup/toolchains/stable-x86_64-unknown-linux-gnu/lib/rustlib/src/rust/library/alloc/src/vec/mod.rs","is_primary":true,"label":"required by this bound in `Vec`","line_end":434,"line_start":434,"suggested_replacement":null,"suggestion_applicability":null,"text":[{"highlight_end":87,"highlight_start":78,"text":"pub struct Vec<T, #[unstable(feature = \"allocator_api\", issue = \"32838\")] A: Allocator = Global> {"}]}]}],"code":{"code":"E0277","explanation":"You tried to use a type which doesn't implement some trait in a place which\nexpected that trait.\n\nErroneous code example:\n\n```compile_fail,E0277\n// here we declare the Foo trait with a bar method\ntrait Foo {\n    fn bar(&self);\n}\n\n// we now declare a function which takes an object implementing the Foo trait\nfn some_func<T: Foo>(foo: T) {\n    foo.bar();\n}\n\nfn main() {\n    // we now call the method with the i32 type, which doesn't implement\n    // the Foo trait\n    some_func(5i32); // error: the trait bound `i32 : Foo` is not satisfied\n}\n```\n\nIn order to fix this error, verify that the type you're using does implement\nthe trait. Example:\n\n```\ntrait Foo {\n    fn bar(&self);\n}\n\n// we implement the trait on the i32 type\nimpl Foo for i32 {\n    fn bar(&self) {}\n}\n\nfn some_func<T: Foo>(foo: T) {\n    foo.bar(); // we can now use this method since i32 implements the\n               // Foo trait\n}\n\nfn main() {\n    some_func(5i32); // ok!\n}\n```\n\nOr in a generic context, an erroneous code example would look like:\n\n```compile_fail,E0277\nfn some_func<T>(foo: T) {\n    println!(\"{:?}\", foo); // error: the trait `core::fmt::Debug` is not\n                           //        implemented for the type `T`\n}\n\nfn main() {\n    // We now call the method with the i32 type,\n    // which *does* implement the Debug trait.\n    some_func(5i32);\n}\n```\n\nNote that the error here is in the definition of the generic function. Although\nwe only call it with a parameter that does implement `Debug`, the compiler\nstill rejects the function. It must work with all possible input types. In\norder to make this example compile, we need to restrict the generic type we're\naccepting:\n\n```\nuse std::fmt;\n\n// Restrict the input type to types that implement Debug.\nfn some_func<T: fmt::Debug>(foo: T) {\n    println!(\"{:?}\", foo);\n}\n\nfn main() {\n    // Calling the method is still fine, as i32 implements Debug.\n    some_func(5i32);\n\n    // This would fail to compile now:\n    // struct WithoutDebug;\n    // some_func(WithoutDebug);\n}\n```\n\nRust only looks at the signature of the called function, as such it must\nalready specify all requirements that will be used for every type parameter.\n"},"level":"error","message":"the trait bound `u64: Allocator` is not satisfied","spans":[{"byte_end":1265,"byte_start":1252,"column_end":43,"column_start":30,"expansion":null,"file_name":"src/main.rs","is_primary":true,"label":"the trait `Allocator` is not implemented for `u64`","line_end":40,"line_start":40,"suggested_replacement":null,"suggestion_applicability":null,"text":[{"highlight_end":43,"highlight_start":30,"text":"        let mut overlapping: Vec<u64, u64> = Vec::new();"}]}]}}
{"reason":"compiler-message","package_id":"path+file:///home/jo/dev/advent_of_code_2025/day5_cafeteria#0.1.0","manifest_path":"/home/jo/dev/advent_of_code_2025/day5_cafeteria/Cargo.toml","target":{"kind":["bin"],"crate_types":["bin"],"name":"day5_cafeteria","src_path":"/home/jo/dev/advent_of_code_2025/day5_cafeteria/src/main.rs","edition":"2024","doc":true,"doctest":false,"test":true},"message":{"rendered":"error[E0308]: mismatched types\n  --> src/main.rs:40:46\n   |\n40 |         let mut overlapping: Vec<u64, u64> = Vec::new();\n   |                              -------------   ^^^^^^^^^^ expected `Vec<u64, u64>`, found `Vec<_>`\n   |                              |\n   |                              expected due to this\n   |\n   = note: expected struct `Vec<u64, u64>`\n              found struct `Vec<_, std::alloc::Global>`\n\n","$message_type":"diagnostic","children":[{"children":[],"code":null,"level":"note","message":"expected struct `Vec<u64, u64>`\n   found struct `Vec<_, std::alloc::Global>`","rendered":null,"spans":[]}],"code":{"code":"E0308","explanation":"Expected type did not match the received type.\n\nErroneous code examples:\n\n```compile_fail,E0308\nfn plus_one(x: i32) -> i32 {\n    x + 1\n}\n\nplus_one(\"Not a number\");\n//       ^^^^^^^^^^^^^^ expected `i32`, found `&str`\n\nif \"Not a bool\" {\n// ^^^^^^^^^^^^ expected `bool`, found `&str`\n}\n\nlet x: f32 = \"Not a float\";\n//     ---   ^^^^^^^^^^^^^ expected `f32`, found `&str`\n//     |\n//     expected due to this\n```\n\nThis error occurs when an expression was used in a place where the compiler\nexpected an expression of a different type. It can occur in several cases, the\nmost common being when calling a function and passing an argument which has a\ndifferent type than the matching type in the function declaration.\n"},"level":"error","message":"mismatched types","spans":[{"byte_end":1278,"byte_start":1268,"column_end":56,"column_start":46,"expansion":null,"file_name":"src/main.rs","is_primary":true,"label":"expected `Vec<u64, u64>`, found `Vec<_>`","line_end":40,"line_start":40,"suggested_replacement":null,"suggestion_applicability":null,"text":[{"highlight_end":56,"highlight_start":46,"text":"        let mut overlapping: Vec<u64, u64> = Vec::new();"}]},{"byte_end":1265,"byte_start":1252,"column_end":43,"column_start":30,"expansion":null,"file_name":"src/main.rs","is_primary":false,"label":"expected due to this","line_end":40,"line_start":40,"suggested_replacement":null,"suggestion_applicability":null,"text":[{"highlight_end":43,"highlight_start":30,"text":"        let mut overlapping: Vec<u64, u64> = Vec::new();"}]}]}}
{"reason":"compiler-message","package_id":"path+file:///home/jo/dev/advent_of_code_2025/day5_cafeteria#0.1.0","manifest_path":"/home/jo/dev/advent_of_code_2025/day5_cafeteria/Cargo.toml","target":{"kind":["bin"],"crate_types":["bin"],"name":"day5_cafeteria","src_path":"/home/jo/dev/advent_of_code_2025/day5_cafeteria/src/main.rs","edition":"2024","doc":true,"doctest":false,"test":true},"message":{"rendered":"error[E0308]: mismatched types\n  --> src/main.rs:40:46\n   |\n40 |         let mut overlapping: Vec<u64, u64> = Vec::new();\n   |                              -------------   ^^^^^^^^^^ expected `Vec<u64, u64>`, found `Vec<_>`\n   |                              |\n   |                              expected due to this\n   |\n   = note: expected struct `Vec<u64, u64>`\n              found struct `Vec<_, std::alloc::Global>`\n\n","$message_type":"diagnostic","children":[{"children":[],"code":null,"level":"note","message":"expected struct `Vec<u64, u64>`\n   found struct `Vec<_, std::alloc::Global>`","rendered":null,"spans":[]}],"code":{"code":"E0308","explanation":"Expected type did not match the received type.\n\nErroneous code examples:\n\n```compile_fail,E0308\nfn plus_one(x: i32) -> i32 {\n    x + 1\n}\n\nplus_one(\"Not a number\");\n//       ^^^^^^^^^^^^^^ expected `i32`, found `&str`\n\nif \"Not a bool\" {\n// ^^^^^^^^^^^^ expected `bool`, found `&str`\n}\n\nlet x: f32 = \"Not a float\";\n//     ---   ^^^^^^^^^^^^^ expected `f32`, found `&str`\n//     |\n//     expected due to this\n```\n\nThis error occurs when an expression was used in a place where the compiler\nexpected an expression of a different type. It can occur in several cases, the\nmost common being when calling a function and passing an argument which has a\ndifferent type than the matching type in the function declaration.\n"},"level":"error","message":"mismatched types","spans":[{"byte_end":1278,"byte_start":1268,"column_end":56,"column_start":46,"expansion":null,"file_name":"src/main.rs","is_primary":true,"label":"expected `Vec<u64, u64>`, found `Vec<_>`","line_end":40,"line_start":40,"suggested_replacement":null,"suggestion_applicability":null,"text":[{"highlight_end":56,"highlight_start":46,"text":"        let mut overlapping: Vec<u64, u64> = Vec::new();"}]},{"byte_end":1265,"byte_start":1252,"column_end":43,"column_start":30,"expansion":null,"file_name":"src/main.rs","is_primary":false,"label":"expected due to this","line_end":40,"line_start":40,"suggested_replacement":null,"suggestion_applicability":null,"text":[{"highlight_end":43,"highlight_start":30,"text":"        let mut overlapping: Vec<u64, u64> = Vec::new();"}]}]}}
{"reason":"compiler-message","package_id":"path+file:///home/jo/dev/advent_of_code_2025/day5_cafeteria#0.1.0","manifest_path":"/home/jo/dev/advent_of_code_2025/day5_cafeteria/Cargo.toml","target":{"kind":["bin"],"crate_types":["bin"],"name":"day5_cafeteria","src_path":"/home/jo/dev/advent_of_code_2025/day5_cafeteria/src/main.rs","edition":"2024","doc":true,"doctest":false,"test":true},"message":{"rendered":"error[E0599]: the method `push` exists for struct `Vec<u64, u64>`, but its trait bounds were not satisfied\n  --> src/main.rs:45:29\n   |\n45 |                 overlapping.push(ranges[j]);\n   |                             ^^^^ method cannot be called on `Vec<u64, u64>` due to unsatisfied trait bounds\n   |\n   = note: the following trait bounds were not satisfied:\n           `u64: Allocator`\n\n","$message_type":"diagnostic","children":[{"children":[],"code":null,"level":"note","message":"the following trait bounds were not satisfied:\n`u64: Allocator`","rendered":null,"spans":[]}],"code":{"code":"E0599","explanation":"This error occurs when a method is used on a type which doesn't implement it:\n\nErroneous code example:\n\n```compile_fail,E0599\nstruct Mouth;\n\nlet x = Mouth;\nx.chocolate(); // error: no method named `chocolate` found for type `Mouth`\n               //        in the current scope\n```\n\nIn this case, you need to implement the `chocolate` method to fix the error:\n\n```\nstruct Mouth;\n\nimpl Mouth {\n    fn chocolate(&self) { // We implement the `chocolate` method here.\n        println!(\"Hmmm! I love chocolate!\");\n    }\n}\n\nlet x = Mouth;\nx.chocolate(); // ok!\n```\n"},"level":"error","message":"the method `push` exists for struct `Vec<u64, u64>`, but its trait bounds were not satisfied","spans":[{"byte_end":1471,"byte_start":1467,"column_end":33,"column_start":29,"expansion":null,"file_name":"src/main.rs","is_primary":true,"label":"method cannot be called on `Vec<u64, u64>` due to unsatisfied trait bounds","line_end":45,"line_start":45,"suggested_replacement":null,"suggestion_applicability":null,"text":[{"highlight_end":33,"highlight_start":29,"text":"                overlapping.push(ranges[j]);"}]}]}}
{"reason":"compiler-message","package_id":"path+file:///home/jo/dev/advent_of_code_2025/day5_cafeteria#0.1.0","manifest_path":"/home/jo/dev/advent_of_code_2025/day5_cafeteria/Cargo.toml","target":{"kind":["bin"],"crate_types":["bin"],"name":"day5_cafeteria","src_path":"/home/jo/dev/advent_of_code_2025/day5_cafeteria/src/main.rs","edition":"2024","doc":true,"doctest":false,"test":true},"message":{"rendered":"error[E0599]: the method `push` exists for struct `Vec<u64, u64>`, but its trait bounds were not satisfied\n  --> src/main.rs:45:29\n   |\n45 |                 overlapping.push(ranges[j]);\n   |                             ^^^^ method cannot be called on `Vec<u64, u64>` due to unsatisfied trait bounds\n   |\n   = note: the following trait bounds were not satisfied:\n           `u64: Allocator`\n\n","$message_type":"diagnostic","children":[{"children":[],"code":null,"level":"note","message":"the following trait bounds were not satisfied:\n`u64: Allocator`","rendered":null,"spans":[]}],"code":{"code":"E0599","explanation":"This error occurs when a method is used on a type which doesn't implement it:\n\nErroneous code example:\n\n```compile_fail,E0599\nstruct Mouth;\n\nlet x = Mouth;\nx.chocolate(); // error: no method named `chocolate` found for type `Mouth`\n               //        in the current scope\n```\n\nIn this case, you need to implement the `chocolate` method to fix the error:\n\n```\nstruct Mouth;\n\nimpl Mouth {\n    fn chocolate(&self) { // We implement the `chocolate` method here.\n        println!(\"Hmmm! I love chocolate!\");\n    }\n}\n\nlet x = Mouth;\nx.chocolate(); // ok!\n```\n"},"level":"error","message":"the method `push` exists for struct `Vec<u64, u64>`, but its trait bounds were not satisfied","spans":[{"byte_end":1471,"byte_start":1467,"column_end":33,"column_start":29,"expansion":null,"file_name":"src/main.rs","is_primary":true,"label":"method cannot be called on `Vec<u64, u64>` due to unsatisfied trait bounds","line_end":45,"line_start":45,"suggested_replacement":null,"suggestion_applicability":null,"text":[{"highlight_end":33,"highlight_start":29,"text":"                overlapping.push(ranges[j]);"}]}]}}
{"reason":"compiler-message","package_id":"path+file:///home/jo/dev/advent_of_code_2025/day5_cafeteria#0.1.0","manifest_path":"/home/jo/dev/advent_of_code_2025/day5_cafeteria/Cargo.toml","target":{"kind":["bin"],"crate_types":["bin"],"name":"day5_cafeteria","src_path":"/home/jo/dev/advent_of_code_2025/day5_cafeteria/src/main.rs","edition":"2024","doc":true,"doctest":false,"test":true},"message":{"rendered":"error[E0599]: the method `push` exists for struct `Vec<u64, u64>`, but its trait bounds were not satisfied\n  --> src/main.rs:48:29\n   |\n48 |                 overlapping.push(ranges[j]);\n   |                             ^^^^ method cannot be called on `Vec<u64, u64>` due to unsatisfied trait bounds\n   |\n   = note: the following trait bounds were not satisfied:\n           `u64: Allocator`\n\n","$message_type":"diagnostic","children":[{"children":[],"code":null,"level":"note","message":"the following trait bounds were not satisfied:\n`u64: Allocator`","rendered":null,"spans":[]}],"code":{"code":"E0599","explanation":"This error occurs when a method is used on a type which doesn't implement it:\n\nErroneous code example:\n\n```compile_fail,E0599\nstruct Mouth;\n\nlet x = Mouth;\nx.chocolate(); // error: no method named `chocolate` found for type `Mouth`\n               //        in the current scope\n```\n\nIn this case, you need to implement the `chocolate` method to fix the error:\n\n```\nstruct Mouth;\n\nimpl Mouth {\n    fn chocolate(&self) { // We implement the `chocolate` method here.\n        println!(\"Hmmm! I love chocolate!\");\n    }\n}\n\nlet x = Mouth;\nx.chocolate(); // ok!\n```\n"},"level":"error","message":"the method `push` exists for struct `Vec<u64, u64>`, but its trait bounds were not satisfied","spans":[{"byte_end":1596,"byte_start":1592,"column_end":33,"column_start":29,"expansion":null,"file_name":"src/main.rs","is_primary":true,"label":"method cannot be called on `Vec<u64, u64>` due to unsatisfied trait bounds","line_end":48,"line_start":48,"suggested_replacement":null,"suggestion_applicability":null,"text":[{"highlight_end":33,"highlight_start":29,"text":"                overlapping.push(ranges[j]);"}]}]}}
{"reason":"compiler-message","package_id":"path+file:///home/jo/dev/advent_of_code_2025/day5_cafeteria#0.1.0","manifest_path":"/home/jo/dev/advent_of_code_2025/day5_cafeteria/Cargo.toml","target":{"kind":["bin"],"crate_types":["bin"],"name":"day5_cafeteria","src_path":"/home/jo/dev/advent_of_code_2025/day5_cafeteria/src/main.rs","edition":"2024","doc":true,"doctest":false,"test":true},"message":{"rendered":"error[E0599]: the method `push` exists for struct `Vec<u64, u64>`, but its trait bounds were not satisfied\n  --> src/main.rs:48:29\n   |\n48 |                 overlapping.push(ranges[j]);\n   |                             ^^^^ method cannot be called on `Vec<u64, u64>` due to unsatisfied trait bounds\n   |\n   = note: the following trait bounds were not satisfied:\n           `u64: Allocator`\n\n","$message_type":"diagnostic","children":[{"children":[],"code":null,"level":"note","message":"the following trait bounds were not satisfied:\n`u64: Allocator`","rendered":null,"spans":[]}],"code":{"code":"E0599","explanation":"This error occurs when a method is used on a type which doesn't implement it:\n\nErroneous code example:\n\n```compile_fail,E0599\nstruct Mouth;\n\nlet x = Mouth;\nx.chocolate(); // error: no method named `chocolate` found for type `Mouth`\n               //        in the current scope\n```\n\nIn this case, you need to implement the `chocolate` method to fix the error:\n\n```\nstruct Mouth;\n\nimpl Mouth {\n    fn chocolate(&self) { // We implement the `chocolate` method here.\n        println!(\"Hmmm! I love chocolate!\");\n    }\n}\n\nlet x = Mouth;\nx.chocolate(); // ok!\n```\n"},"level":"error","message":"the method `push` exists for struct `Vec<u64, u64>`, but its trait bounds were not satisfied","spans":[{"byte_end":1596,"byte_start":1592,"column_end":33,"column_start":29,"expansion":null,"file_name":"src/main.rs","is_primary":true,"label":"method cannot be called on `Vec<u64, u64>` due to unsatisfied trait bounds","line_end":48,"line_start":48,"suggested_replacement":null,"suggestion_applicability":null,"text":[{"highlight_end":33,"highlight_start":29,"text":"                overlapping.push(ranges[j]);"}]}]}}
{"reason":"compiler-message","package_id":"path+file:///home/jo/dev/advent_of_code_2025/day5_cafeteria#0.1.0","manifest_path":"/home/jo/dev/advent_of_code_2025/day5_cafeteria/Cargo.toml","target":{"kind":["bin"],"crate_types":["bin"],"name":"day5_cafeteria","src_path":"/home/jo/dev/advent_of_code_2025/day5_cafeteria/src/main.rs","edition":"2024","doc":true,"doctest":false,"test":true},"message":{"rendered":"Some errors have detailed explanations: E0277, E0308, E0599, E0658.\n","$message_type":"diagnostic","children":[],"code":null,"level":"failure-note","message":"Some errors have detailed explanations: E0277, E0308, E0599, E0658.","spans":[]}}
{"reason":"compiler-message","package_id":"path+file:///home/jo/dev/advent_of_code_2025/day5_cafeteria#0.1.0","manifest_path":"/home/jo/dev/advent_of_code_2025/day5_cafeteria/Cargo.toml","target":{"kind":["bin"],"crate_types":["bin"],"name":"day5_cafeteria","src_path":"/home/jo/dev/advent_of_code_2025/day5_cafeteria/src/main.rs","edition":"2024","doc":true,"doctest":false,"test":true},"message":{"rendered":"For more information about an error, try `rustc --explain E0277`.\n","$message_type":"diagnostic","children":[],"code":null,"level":"failure-note","message":"For more information about an error, try `rustc --explain E0277`.","spans":[]}}
{"reason":"compiler-message","package_id":"path+file:///home/jo/dev/advent_of_code_2025/day5_cafeteria#0.1.0","manifest_path":"/home/jo/dev/advent_of_code_2025/day5_cafeteria/Cargo.toml","target":{"kind":["bin"],"crate_types":["bin"],"name":"day5_cafeteria","src_path":"/home/jo/dev/advent_of_code_2025/day5_cafeteria/src/main.rs","edition":"2024","doc":true,"doctest":false,"test":true},"message":{"rendered":"Some errors have detailed explanations: E0277, E0308, E0599, E0658.\n","$message_type":"diagnostic","children":[],"code":null,"level":"failure-note","message":"Some errors have detailed explanations: E0277, E0308, E0599, E0658.","spans":[]}}
{"reason":"compiler-message","package_id":"path+file:///home/jo/dev/advent_of_code_2025/day5_cafeteria#0.1.0","manifest_path":"/home/jo/dev/advent_of_code_2025/day5_cafeteria/Cargo.toml","target":{"kind":["bin"],"crate_types":["bin"],"name":"day5_cafeteria","src_path":"/home/jo/dev/advent_of_code_2025/day5_cafeteria/src/main.rs","edition":"2024","doc":true,"doctest":false,"test":true},"message":{"rendered":"For more information about an error, try `rustc --explain E0277`.\n","$message_type":"diagnostic","children":[],"code":null,"level":"failure-note","message":"For more information about an error, try `rustc --explain E0277`.","spans":[]}}
{"reason":"build-finished","success":false}
